  MapExample.cpp
C:\Program Files\Microsoft Visual Studio\2022\Community\VC\Tools\MSVC\14.35.32215\include\algorithm(7900,45): error C2676: binary '-': 'const std::_Tree_unchecked_iterator<std::_Tree_val<std::_Tree_simple_types<std::pair<const std::string,std::string>>>>' does not define this operator or a conversion to a type acceptable to the predefined operator
C:\Program Files\Microsoft Visual Studio\2022\Community\VC\Tools\MSVC\14.35.32215\include\xutility(4044,30): message : could be 'unknown-type std::operator -(const std::move_iterator<_Iter> &,const std::move_iterator<_Iter2> &) noexcept(<expr>)'
C:\Program Files\Microsoft Visual Studio\2022\Community\VC\Tools\MSVC\14.35.32215\include\algorithm(7900,38): message : 'unknown-type std::operator -(const std::move_iterator<_Iter> &,const std::move_iterator<_Iter2> &) noexcept(<expr>)': could not deduce template argument for 'const std::move_iterator<_Iter> &' from 'const std::_Tree_unchecked_iterator<std::_Tree_val<std::_Tree_simple_types<std::pair<const std::string,std::string>>>>'
C:\Program Files\Microsoft Visual Studio\2022\Community\VC\Tools\MSVC\14.35.32215\include\xutility(1540,5): message : or       'unknown-type std::operator -(const std::reverse_iterator<_BidIt> &,const std::reverse_iterator<_BidIt2> &) noexcept(<expr>)'
C:\Program Files\Microsoft Visual Studio\2022\Community\VC\Tools\MSVC\14.35.32215\include\algorithm(7900,38): message : 'unknown-type std::operator -(const std::reverse_iterator<_BidIt> &,const std::reverse_iterator<_BidIt2> &) noexcept(<expr>)': could not deduce template argument for 'const std::reverse_iterator<_BidIt> &' from 'const std::_Tree_unchecked_iterator<std::_Tree_val<std::_Tree_simple_types<std::pair<const std::string,std::string>>>>'
C:\Program Files\Microsoft Visual Studio\2022\Community\VC\Tools\MSVC\14.35.32215\include\xutility(1540,5): message : or       'unknown-type std::operator -(const std::reverse_iterator<_BidIt> &,const std::reverse_iterator<_BidIt2> &) noexcept(<expr>)'
C:\Program Files\Microsoft Visual Studio\2022\Community\VC\Tools\MSVC\14.35.32215\include\algorithm(7900,38): message : 'unknown-type std::operator -(const std::reverse_iterator<_BidIt> &,const std::reverse_iterator<_BidIt2> &) noexcept(<expr>)': could not deduce template argument for 'const std::reverse_iterator<_BidIt> &' from 'const std::_Tree_unchecked_iterator<std::_Tree_val<std::_Tree_simple_types<std::pair<const std::string,std::string>>>>'
C:\Program Files\Microsoft Visual Studio\2022\Community\VC\Tools\MSVC\14.35.32215\include\xutility(4044,30): message : or       'unknown-type std::operator -(const std::move_iterator<_Iter> &,const std::move_iterator<_Iter2> &) noexcept(<expr>)'
C:\Program Files\Microsoft Visual Studio\2022\Community\VC\Tools\MSVC\14.35.32215\include\algorithm(7900,38): message : 'unknown-type std::operator -(const std::move_iterator<_Iter> &,const std::move_iterator<_Iter2> &) noexcept(<expr>)': could not deduce template argument for 'const std::move_iterator<_Iter> &' from 'const std::_Tree_unchecked_iterator<std::_Tree_val<std::_Tree_simple_types<std::pair<const std::string,std::string>>>>'
C:\Program Files\Microsoft Visual Studio\2022\Community\VC\Tools\MSVC\14.35.32215\include\algorithm(7904): message : see reference to function template instantiation 'void std::sort<_RanIt,std::less<void>>(const _RanIt,const _RanIt,_Pr)' being compiled
          with
          [
              _RanIt=std::_Tree_iterator<std::_Tree_val<std::_Tree_simple_types<std::pair<const std::string,std::string>>>>,
              _Pr=std::less<void>
          ]
C:\programming\C++\code\5.STL_examples\MapAssociativeContainer\MapAssociativeContainer\MapExample.cpp(38,36): message : see reference to function template instantiation 'void std::sort<std::_Tree_iterator<std::_Tree_val<std::_Tree_simple_types<std::pair<const std::string,std::string>>>>>(const _RanIt,const _RanIt)' being compiled
          with
          [
              _RanIt=std::_Tree_iterator<std::_Tree_val<std::_Tree_simple_types<std::pair<const std::string,std::string>>>>
          ]
C:\Program Files\Microsoft Visual Studio\2022\Community\VC\Tools\MSVC\14.35.32215\include\algorithm(7900,5): error C2672: '_Sort_unchecked': no matching overloaded function found
C:\Program Files\Microsoft Visual Studio\2022\Community\VC\Tools\MSVC\14.35.32215\include\algorithm(7866,19): message : could be 'void std::_Sort_unchecked(_RanIt,_RanIt,iterator_traits<_Iter>::difference_type,_Pr)'
C:\Program Files\Microsoft Visual Studio\2022\Community\VC\Tools\MSVC\14.35.32215\include\algorithm(7900,5): message : 'void std::_Sort_unchecked(_RanIt,_RanIt,iterator_traits<_Iter>::difference_type,_Pr)': expects 4 arguments - 3 provided
